<?xml version="1.0" encoding="UTF-8"?>
<!-- Generated by org.testng.reporters.JUnitReportReporter -->
<testsuite hostname="INLEN8520037012" failures="0" tests="1" name="rahulshettyAcademy.tests.AppTest" time="0.011" errors="0" timestamp="2023-04-18T11:44:52 IST" skipped="0">
  <testcase classname="rahulshettyAcademy.tests.AppTest" name="shouldAnswerWithTrue" time="0.011"/>
  <system-out/>
</testsuite> <!-- rahulshettyAcademy.tests.AppTest -->
