<?xml version="1.0" encoding="UTF-8"?>
<!-- Generated by org.testng.reporters.JUnitReportReporter -->
<testsuite hostname="INLEN8520037012" failures="0" tests="2" name="rahulshettyAcademy.tests.ErrorValidation" time="17.859" errors="0" timestamp="2023-02-07T15:20:08 IST" skipped="0">
  <testcase classname="rahulshettyAcademy.tests.ErrorValidation" name="errorval" time="3.041"/>
  <system-out/>
  <testcase classname="rahulshettyAcademy.tests.ErrorValidation" name="submitorder" time="14.818"/>
  <system-out/>
</testsuite> <!-- rahulshettyAcademy.tests.ErrorValidation -->
