<?xml version="1.0" encoding="UTF-8"?>
<!-- Generated by org.testng.reporters.JUnitReportReporter -->
<testsuite hostname="INLEN8520037012" failures="0" tests="2" name="rahulshettyAcademy.tests.SubmitOrderTest" time="101.065" errors="0" timestamp="2023-02-07T15:24:55 IST" skipped="0">
  <testcase classname="rahulshettyAcademy.tests.SubmitOrderTest" name="submitorder" time="94.273"/>
  <system-out/>
  <testcase classname="rahulshettyAcademy.tests.SubmitOrderTest" name="submitorder" time="6.792"/>
  <system-out/>
</testsuite> <!-- rahulshettyAcademy.tests.SubmitOrderTest -->
