<?xml version="1.0" encoding="UTF-8"?>
<!-- Generated by org.testng.reporters.JUnitReportReporter -->
<testsuite hostname="INLEN8520037012" failures="0" tests="2" name="rahulshettyAcademy.tests.SubmitOrderHashmapTest" time="22.178" errors="0" timestamp="2023-04-18T11:44:51 IST" skipped="0">
  <testcase classname="rahulshettyAcademy.tests.SubmitOrderHashmapTest" name="submitorder" time="8.615"/>
  <system-out/>
  <testcase classname="rahulshettyAcademy.tests.SubmitOrderHashmapTest" name="submitorder" time="13.563"/>
  <system-out/>
</testsuite> <!-- rahulshettyAcademy.tests.SubmitOrderHashmapTest -->
