<?xml version="1.0" encoding="UTF-8"?>
<!-- Generated by org.testng.reporters.JUnitReportReporter -->
<testsuite hostname="INLEN8520037012" failures="0" tests="2" name="rahulshettyAcademy.tests.SubmitOrderTest" time="18.131" errors="0" timestamp="2023-04-18T11:44:51 IST" skipped="0">
  <testcase classname="rahulshettyAcademy.tests.SubmitOrderTest" name="submitorder" time="9.189"/>
  <system-out/>
  <testcase classname="rahulshettyAcademy.tests.SubmitOrderTest" name="submitorder" time="8.942"/>
  <system-out/>
</testsuite> <!-- rahulshettyAcademy.tests.SubmitOrderTest -->
