<?xml version="1.0" encoding="UTF-8"?>
<!-- Generated by org.testng.reporters.JUnitReportReporter -->
<testsuite hostname="INLEN8520037012" failures="0" tests="2" name="rahulshettyAcademy.tests.SubmitOrderHashmapTest" time="24.756" errors="0" timestamp="2023-05-18T22:49:08 IST" skipped="0">
  <testcase classname="rahulshettyAcademy.tests.SubmitOrderHashmapTest" name="submitorder" time="14.757"/>
  <system-out/>
  <testcase classname="rahulshettyAcademy.tests.SubmitOrderHashmapTest" name="submitorder" time="9.999"/>
  <system-out/>
</testsuite> <!-- rahulshettyAcademy.tests.SubmitOrderHashmapTest -->
