<?xml version="1.0" encoding="UTF-8"?>
<!-- Generated by org.testng.reporters.JUnitReportReporter -->
<testsuite hostname="INLEN8520037012" failures="0" tests="2" name="rahulshettyAcademy.tests.ErrorValidation" time="16.352" errors="0" timestamp="2023-05-18T22:54:10 IST" skipped="0">
  <testcase classname="rahulshettyAcademy.tests.ErrorValidation" name="submitorder" time="10.465"/>
  <system-out/>
  <testcase classname="rahulshettyAcademy.tests.ErrorValidation" name="errorval" time="5.887"/>
  <system-out/>
</testsuite> <!-- rahulshettyAcademy.tests.ErrorValidation -->
